f:\zhanglizhong\demons\csharp\injectdemo\nativedll\release\nativedll.pch
f:\zhanglizhong\demons\csharp\injectdemo\nativedll\release\vc140.pdb
f:\zhanglizhong\demons\csharp\injectdemo\nativedll\release\stdafx.obj
f:\zhanglizhong\demons\csharp\injectdemo\nativedll\release\nativedll.obj
f:\zhanglizhong\demons\csharp\injectdemo\nativedll\release\.netframework,version=v4.5.2.assemblyattributes.obj
f:\zhanglizhong\demons\csharp\injectdemo\nativedll\release\.netframework,version=v4.5.2.assemblyattributes.asm
f:\zhanglizhong\demons\csharp\injectdemo\release\nativedll.dll
f:\zhanglizhong\demons\csharp\injectdemo\release\nativedll.pdb
f:\zhanglizhong\demons\csharp\injectdemo\nativedll\release\app.res
f:\zhanglizhong\demons\csharp\injectdemo\nativedll\release\nativedll.tlog\cl.command.1.tlog
f:\zhanglizhong\demons\csharp\injectdemo\nativedll\release\nativedll.tlog\cl.read.1.tlog
f:\zhanglizhong\demons\csharp\injectdemo\nativedll\release\nativedll.tlog\cl.write.1.tlog
f:\zhanglizhong\demons\csharp\injectdemo\nativedll\release\nativedll.tlog\link.command.1.tlog
f:\zhanglizhong\demons\csharp\injectdemo\nativedll\release\nativedll.tlog\link.read.1.tlog
f:\zhanglizhong\demons\csharp\injectdemo\nativedll\release\nativedll.tlog\link.write.1.tlog
f:\zhanglizhong\demons\csharp\injectdemo\nativedll\release\nativedll.tlog\metagen.read.1.tlog
f:\zhanglizhong\demons\csharp\injectdemo\nativedll\release\nativedll.tlog\metagen.write.1.tlog
f:\zhanglizhong\demons\csharp\injectdemo\nativedll\release\nativedll.tlog\rc.command.1.tlog
f:\zhanglizhong\demons\csharp\injectdemo\nativedll\release\nativedll.tlog\rc.read.1.tlog
f:\zhanglizhong\demons\csharp\injectdemo\nativedll\release\nativedll.tlog\rc.write.1.tlog
f:\zhanglizhong\demons\csharp\injectdemo\nativedll\release\nativedll.tlog\tzres.dll.bi
